1355970276.881 RELEASE -1 FFFFFFFF 27C91848C37DB8747FCB1DD6DC2BA209  403 1355970276        -1        -1 text/html 1100/1100 GET http://acookie.alibaba.com/1.gif?cache=2375&pre=http%3A//www.taobao.com/go/act/sale/tanx.php%3Fkv%3D1%26s%3DYej1fF6AlokbuoE3SmRwkl7cftdRHCojApeV5ggzIgMTTSCmaoukGmtKEcdzW1HizbFhmlw32Xcg1f%252F0Bgm8%252Fe8D9DNx1KkJplUZUuUveopC7O3jJrLrg%252BZlTHw%252FrHlN%26u%3Dhttp%253A%252F%252Fdata.movie.kankan.com%252Fmovie%252F66556%26pvid%3D2_1355970406_8215312_732662902%26w%3D250%26h%3D250ver=41&time=1355970276654
1355970277.267 RELEASE -1 FFFFFFFF B13C7322C1F3E091FAEFBC395B85803F  403 1355970277        -1        -1 text/html 1102/1102 GET http://sclick.baidu.com/union.gif?q=%B1%B1%BE%A9%B3%C9%C8%CB%D3%C3%C6%B7&fm=se&T=1355970407&y=97FDE9FF&scr=1319_2096_85_13_768_1366&rsv_sid=1455&cid=0&qid=8ffc43f7353bcf3f&t=1355970277254&path=http://www.baidu.com/s?word=%E5%8C%97%E4%BA%AC%E6%88%90%E4%BA%BA%E7%94%A8%E5%93%81&tn=02023048_26_hao_pg&ie=utf-8
1355970277.282 RELEASE -1 FFFFFFFF CD6F8B803FF03903BB177C046E230822  403 1355970277        -1        -1 text/html 1084/1084 GET http://c.baidu.com/c.gif?t=0&q=%B1%B1%BE%A9%B3%C9%C8%CB%D3%C3%C6%B7&p=0&pn=1
1355970278.318 RELEASE -1 FFFFFFFF A3F3D4F20ED6726E0E1AB32864674382  403 1355970278        -1        -1 text/html 1100/1100 GET http://q3.yunpan.360.cn/intf.php?method=File.getVersion&qid=49891679&devtype=box&v=1.8.7.1190&devid=930dd05ce750c932ae954d4fa553f636&devname=&rtick=2047659&sign=d62e5f72e6084a97d896756ff4446313&ofmt=xml&pid=home&
1355970278.608 RELEASE -1 FFFFFFFF 43A2E54A59C37D8FCC5BA01D2A56A802  403 1355970278        -1        -1 text/html 1076/1076 GET http://www.baidu.com/
1355970278.740 RELEASE -1 FFFFFFFF 8E33F506C9CB686562E1B4CABD58D689  403 1355970278        -1        -1 text/html 1118/1118 GET http://www.google-analytics.com/__utm.gif?utmwv=5.1.5&utms=2&utmn=1811918093&utmhn=www.baidu.com&utmt=event&utme=5(total_load*total_load*chrome%2F21.0.1180.89%20)&utmcs=ISO-8859-1&utmsr=1366x768&utmsc=32-bit&utmul=zh-cn&utmje=1&utmfl=11.1%20r102&utmhid=81648832&utmr=-&utmp=%2F&utmac=UA-25177869-1&utmcc=__utma%3D147196964.1244683635.1355922710.1355961049.1355969700.3%3B%2B__utmz%3D147196964.1355922710.1.1.utmcsr%3D(direct)%7Cutmccn%3D(direct)%7Cutmcmd%3D(none)%3B&utmu=4%7E
1355970278.892 RELEASE -1 FFFFFFFF BACEFBC856C22B24F0304867344836B3  403 1355970278        -1        -1 text/html 1114/1114 GET http://data.movie.kankan.com/movie/66364
1355970279.350 RELEASE -1 FFFFFFFF 869E7AF85D800B0D477BD4CDA6927652  403 1355970279        -1        -1 text/html 1092/1092 GET http://www.xhunion.com/iclk/?s=NTg0MDM5fHx8fHx8fHx8fHwxMzU1OTcwNDg2fDEyNS4zOS44Ljh8MTh8Y3BtfDl8MTA0NXw4fDIxfDY=;9e5bace999fff49777a8352ee0006f25;http%3A%2F%2Fwww.joyme.com%2Fclick%2Fxxzfbw-xxzfbp-xxzfb8&a=11.4.402.265;1366x768;http%3A//www.76722.com/vod/40425.html;http%3A//www.76722.com/vodlist/27.html;442
1355970279.353 RELEASE -1 FFFFFFFF F7A6AA8EED7C01EF0D5B4646E3FB9616  403 1355970279        -1        -1 text/html 1106/1106 GET http://www.76722.com/vodlist/14.html
1355970280.258 RELEASE -1 FFFFFFFF CA53D29F603BC9D2EFE70CA7B8DB79A9  403 1355970280        -1        -1 text/html 1120/1120 GET http://ap.liuliangbao.cn/ls/qzone/714807516
1355970280.874 RELEASE -1 FFFFFFFF 2293AC8EF822F7BD167E4EA3D4F0273F  403 1355970280        -1        -1 text/html 1088/1088 GET http://www.365332.com/jmp/?p=sI53wLq*7ZfV3WeZpXciQAVlaHJh7Fpiuho/oBIxBfvLj3DrCVsupd2yNBeqAHknxBlVSZ4JB4CT9WeFaIbvo1QbktFc*4aI9WdaObJnFm4scxjsFrO2fQ==&r=http%253A%252F%252Fwww.sohu.com%252F&u=Mozilla%2F4.0%20(compatible%3B%20MSIE%206.0%3B%20Windows%20NT%205.1%3B%20SV1%3B%20QQDownload%201.7%3B%20TencentTraveler%204.0%3B%20CIBA%3B%20InfoPath.2%3B%20.NET%20CLR%202.0.50727&s=1366*768&l=zh-cn&n=0.2351877726369826&c=0
1355970280.880 RELEASE -1 FFFFFFFF 03BC8642F6EC895F4D253B2C875B8118  403 1355970280        -1        -1 text/html 1088/1088 GET http://www.365332.com/uif/?u=8XbJSSVRs3
1355970280.904 RELEASE -1 FFFFFFFF 4108055B27D3126C84F90DA3E8224BF4  403 1355970280        -1        -1 text/html 1084/1084 GET http://cb.baidu.com/ecom?di=338644&fn=BAIDU_CLB_SETJSONADSLOT&tpl=BAIDU_CLB_SETJSONADSLOT&asp_refer=http%3A%2F%2Fwww.sohu.com%2F&asp_url=http%3A%2F%2Fwww.hhdyw.com%2Fview%2F23555.html&new=1&fv=11&cn=1&if=0&word=asp_url&refer=asp_refer&ready=3&jn=3&lmt=1355970280&csp=1366,768&csn=1366,738&ccd=32&chi=1&cja=true&cpl=0&cmi=0&cce=true&csl=zh-cn&did=1&rt=8&dt=1355970281&c01=0&prt=1355970257886&baidu_id=
1355970280.925 RELEASE -1 FFFFFFFF 3EFEB244D0FE09FC5D9F127AF51B8B6B  403 1355970280        -1        -1 text/html 1102/1102 GET http://www.hhdyw.com/inc/ajax.asp?id=23555&action=videoscore&timestamp=1355970280921
1355970280.966 RELEASE -1 FFFFFFFF 72C00E53747414E7853A506B47AB5F3D  403 1355970280        -1        -1 text/html 1098/1098 GET http://js.users.51.la/7594514.js
1355970280.969 RELEASE -1 FFFFFFFF 9F77DDBB08DBF1ACFBDC6AF01C22DAD0  403 1355970280        -1        -1 text/html 1092/1092 GET http://s84.cnzz.com/stat.php?id=3493901&web_id=3493901
1355970281.035 RELEASE -1 FFFFFFFF 9909C56D90AB193150646CE2167B0C2C  403 1355970281        -1        -1 text/html 1088/1088 GET http://www.365332.com/jmp/?p=HW8FraCaMQPjGqHJ0pC2Fld6dUNQ/bK9YfBGBOyI8gjnh0A2YStU780V0tFLfZkY70fdbu/OCTM6k/jB8p3/qFEZ26eD4JOQohYcYJ8aSOdlsReWqowfirNlnp711X4pGgPDcTZaslQ=&r=http%253A%252F%252Fwww.soso.com%252Fq%253Fw%253D%2525C8%2525CE%2525B3%2525A4%2525CF%2525BC%2525B5%2525E7%2525CA%2525D3%2525BE%2525E7dvd&u=Mozilla%2F4.0%20(compatible%3B%20MSIE%206.0%3B%20Windows%20NT%205.1%3B%20SV1%3B%20QQDownload%201.7%3B%20TencentTraveler%204.0%3B%20CIBA%3B%20InfoPath.2%3B%20.NET%20CLR%202.0.50727&s=1366*768&l=zh-cn&n=0.9451289986344795&c=0
1355970281.049 RELEASE -1 FFFFFFFF 49C34309003FC55AC654F135B35A472D  403 1355970281        -1        -1 text/html 1088/1088 GET http://www.365332.com/uif/?u=8XbJSSPyk6
1355970281.078 RELEASE -1 FFFFFFFF 4E70DF68D3F7F7D4C3FFA3EBD1E0DE71  403 1355970281        -1        -1 text/html 1084/1084 GET http://cb.baidu.com/ecom?di=395052&fn=BAIDU_CLB_SETJSONADSLOT&tpl=BAIDU_CLB_SETJSONADSLOT&asp_refer=http%3A%2F%2Fwww.soso.com%2Fq%3Fw%3D%25C8%25CE%25B3%25A4%25CF%25BC%25B5%25E7%25CA%25D3%25BE%25E7dvd&asp_url=http%3A%2F%2Fwww.8-dy.com%2Fmovie%2F2010-11%2Fjunhuo.html&new=1&fv=11&cn=1&if=0&word=asp_url&refer=asp_refer&ready=3&jn=3&lmt=1355970281&csp=1366,768&csn=1366,738&ccd=32&chi=1&cja=true&cpl=0&cmi=0&cce=true&csl=zh-cn&did=1&rt=8&dt=1355970281&c01=0&prt=1355970254490&baidu_id=
1355970281.087 RELEASE -1 FFFFFFFF 34A3C9599DA277F674804B1B553C0BDA  403 1355970281        -1        -1 text/html 1102/1102 GET http://www.hhdyw.com/inc/ajax.asp?action=hit&id=23555&timestamp=1355970281085
1355970281.091 RELEASE -1 FFFFFFFF 849FEE1B31BE410152AFD29D2827F6C1  403 1355970281        -1        -1 text/html 1100/1100 GET http://www.8-dy.com/inc/ajax.asp?action=hit&id=16162&timestamp=1355970281087
1355970281.139 RELEASE -1 FFFFFFFF F794727138AF16A0DB27E9AB91A323C2  403 1355970281        -1        -1 text/html 1140/1140 GET http://spcode.baidu.com/spcode/spstyle/style3936.jsp?tn=86064007_sp&ctn=0&styleid=3936
1355970281.141 RELEASE -1 FFFFFFFF 1CA4DF2CEBDAE0560B065509D12B8F21  403 1355970281        -1        -1 text/html 1098/1098 GET http://www.8-dy.com/comment.asp?id=16162&type=1&timestamp=1355970281127
1355970281.145 RELEASE -1 FFFFFFFF 5D41870526575A2F11FA5DC51EAE112B  403 1355970281        -1        -1 text/html 1090/1090 GET http://web1.51.la:82/go.asp?svid=8&id=7410687&tpages=1&ttimes=1&tzone=8&tcolor=32&sSize=1366,768&referrer=http%3A//www.soso.com/q%3Fw%3D%25C8%25CE%25B3%25A4%25CF%25BC%25B5%25E7%25CA%25D3%25BE%25E7dvd&vpage=http%3A//www.8-dy.com/movie/2010-11/junhuo.html
1355970281.159 RELEASE -1 FFFFFFFF A90C5BA3F1CEC617CB918DD14458987F  403 1355970281        -1        -1 text/html 1092/1092 GET http://cbjslog.baidu.com/log?_=1355970281156&id=395052&type=loadFail&url=http%3A%2F%2Fwww.8-dy.com%2Fmovie%2F2010-11%2Fjunhuo.html&host=www.8-dy.com
1355970281.197 RELEASE -1 FFFFFFFF D067BDC58DCB0B2E5FEBA15591924CF5  403 1355970281        -1        -1 text/html 1092/1092 GET http://cbjslog.baidu.com/log?_=1355970281194&id=338644&type=loadFail&url=http%3A%2F%2Fwww.hhdyw.com%2Fview%2F23555.html&host=www.hhdyw.com
1355970281.942 RELEASE -1 FFFFFFFF 3EAF265D9D6E1F57D7863A73FAFC9845  403 1355970281        -1        -1 text/html 1114/1114 GET http://data.movie.kankan.com/movie/65343
1355970284.476 RELEASE -1 FFFFFFFF F0AB02D7C93A99153E5681AC429EF135  403 1355970284        -1        -1 text/html 1118/1118 GET http://data.alexa.com/data/Yj4cg1tLgp00Eu?cli=10&ver=alxi-10.0&cdt=rq%3d2%26ss%3d1366x768%26t%3d1%26ttl%3d503%26wid%3d591480%26locale%3dzh-cn&dat=ns&url=www.baidu.com/cdd52fd79b5e4952a0616813e86c5278.htm
1355970284.969 RELEASE -1 FFFFFFFF 796208DA99034065FDDD7A16CF74130E  403 1355970284        -1        -1 text/html 1114/1114 GET http://data.movie.kankan.com/movie/65906
1355970285.196 RELEASE -1 FFFFFFFF 06DFF25A1786E2B8508DFE285F9CF3D4  403 1355970285        -1        -1 text/html 1088/1088 GET http://www.365332.com/jmp/?p=HW8FraCaMQPjGqHJ0pC2Fld6dUNQ/bK9YfBGBOyI8gjnh0A2YStU780V0tFLfZkY70fdbu/OCTM6k/jB8p3/qFEZ26eD4JOQohYcYJ8aSOdlsReWqowfirNlnp711X4pGgPDcTZaslQ=&r=http%253A%252F%252Fwww.soso.com%252Fq%253Fw%253D%2525C8%2525CE%2525B3%2525A4%2525CF%2525BC%2525B5%2525E7%2525CA%2525D3%2525BE%2525E7dvd&u=Mozilla%2F4.0%20(compatible%3B%20MSIE%206.0%3B%20Windows%20NT%205.1%3B%20SV1%3B%20QQDownload%201.7%3B%20TencentTraveler%204.0%3B%20CIBA%3B%20InfoPath.2%3B%20.NET%20CLR%202.0.50727&s=1366*768&l=zh-cn&n=0.9451289986344795&c=0&c=2
1355970286.455 RELEASE -1 FFFFFFFF 3F3EA36A2308967F814C37E779FA7DA3  403 1355970286        -1        -1 text/html 1118/1118 GET http://www.yoho.hk/include/js/prototype.js
1355970286.455 RELEASE -1 FFFFFFFF D9AA30699838F28FDAF456B9CA9F27D3  403 1355970286        -1        -1 text/html 1096/1096 GET http://d8.zedo.com/jsc/d8/fo.js
1355970286.465 RELEASE -1 FFFFFFFF 1F5A34317056D80AD249B79FB415D64B  403 1355970286        -1        -1 text/html 1098/1098 GET http://www.yoho.hk/yohoicon.html
1355970288.213 RELEASE -1 FFFFFFFF C2C147D4C01A6410B5C27585C7FD0DC4  403 1355970288        -1        -1 text/html 1088/1088 GET http://www.365332.com/jmp/?p=sI53wLq*7ZfV3WeZpXciQAVlaHJh7Fpiuho/oBIxBfvLj3DrCVsupd2yNBeqAHknxBlVSZ4JB4CT9WeFaIbvo1QbktFc*4aI9WdaObJnFm4scxjsFrO2fQ==&r=http%253A%252F%252Fwww.sohu.com%252F&u=Mozilla%2F4.0%20(compatible%3B%20MSIE%206.0%3B%20Windows%20NT%205.1%3B%20SV1%3B%20QQDownload%201.7%3B%20TencentTraveler%204.0%3B%20CIBA%3B%20InfoPath.2%3B%20.NET%20CLR%202.0.50727&s=1366*768&l=zh-cn&n=0.2351877726369826&c=0&c=2
1355970288.365 RELEASE -1 FFFFFFFF 62624DF0347296EE4C70FD4E7E42AFD8  403 1355970288        -1        -1 text/html 1110/1110 GET http://safe.track.uc.360.cn/index.php?method=Track.addUserTrack&qid=49891679&app=safe&appkey=safe_track_client&rand=2055477&ver=2.0.1.1680&mid=930dd05ce750c932ae954d4fa553f636&trackid=1002&token=dGltZT0xMzU1OTY4NjE5JnRpbWVzPTM=.3dcd3cd724cb73546c530a8fdb5598c4.1355968619&guid=eaee7fa0b447ebeb854247adf72771ea&qc=u%3D%2525PP%2525Q9%2525Q2%2525O2%2525PS%2525P8%2525P9%2525SN%26n%3D%26r%3D%26qid%3D49891679%26im%3D2a01826q215b%26s%3D360%26src%3D360se%26t%3D1%26le%3Dcoolateng%40163.com&tc=s%3D199b062250d2cb6741c60ace0ce7a8a1%26t%3D1355364590%26a%3D1%26v%3D1.0
1355970288.382 RELEASE -1 FFFFFFFF 4E16C7AF2A7DCA68B17F4FFAF0074F78  403 1355970288        -1        -1 text/html 1102/1102 GET http://ap.liuliangbao.cn/ls/land/?r=http%3A%2F%2Fuyoho.hk%2F%23random
1355970290.334 RELEASE -1 FFFFFFFF 3C769373D8376A3A00B752162403288B  403 1355970290        -1        -1 text/html 1114/1114 GET http://bizheadline.com/i_class_1_3q.html
1355970292.396 RELEASE -1 FFFFFFFF 7AE9C9FA76AE35EED1DC924BCD1035AC  403 1355970292        -1        -1 text/html 1102/1102 GET http://ap.liuliangbao.cn/ls/land/?
1355970292.405 RELEASE -1 FFFFFFFF 567248004463156A23528B3B7F48FA55  403 1355970292        -1        -1 text/html 1074/1074 GET http://www.78dy.net/
1355970293.407 RELEASE -1 FFFFFFFF FE8EF4FE3B8582758EF8CAC5E47EA6ED  403 1355970293        -1        -1 text/html 1110/1110 GET http://u1.union163.com/d_20120423.php?type=110&said=24410&tmd=0.04047193853057729&url=ed3c4351c9c39bb73cdf344f7a47cbe927dc0f6d346af9bc98843e9a1f3bb3ac
1355970296.419 RELEASE -1 FFFFFFFF EEB29BE80E02E7E03647DE70CC06D1B0  403 1355970296        -1        -1 text/html 1074/1074 GET http://www.78dy.net/
1355970296.478 RELEASE -1 FFFFFFFF C9AC951FE7122596AB1D678F9AEA224A  403 1355970296        -1        -1 text/html 1094/1094 GET http://www.hfyzsb.com/gou.html
1355970298.414 RELEASE -1 FFFFFFFF ED1BF312EF5414362BB5996010C7EE10  403 1355970298        -1        -1 text/html 1102/1102 GET http://ap.liuliangbao.cn/ls/land/?
1355970299.137 RELEASE -1 FFFFFFFF BAE66BAC53C447F861B0700EC86C648C  403 1355970299        -1        -1 text/html 1102/1102 GET http://sclick.baidu.com/union.gif?q=%B1%B1%BE%A9%B3%C9%C8%CB%D3%C3%C6%B7&fm=pp&title=%E5%8C%97%E4%BA%AC%E6%88%90%E4%BA%BA%E7%94%A8%E5%93%81%E5%BD%93%E6%97%A5%E9%80%81%E8%BE%BE!%E5%8C%97%E4%BA%AC%E6%98%A5%E6%B0%B4%E5%A0%82%E5%8C%97%E4%BA%AC%E6%88%90%E4%BA%BA%E7%94%A8%E5%93%81%E5%95%86%E5%9F%8E&url=http%3A//www.baidu.com/baidu.php%3Furl%3DK00000af1bnoCkqMlZjkdcn-EP7s-LeI3eDT0lvzEGl2W0s2D7xFzYLh2OvhEnXyZNRWLhVfUlOP5MrdNnjhXw_Eix_14QjYQljI_EWnvKM6bK8DpZUe0ppgTlFTGOC4mc0X6Nc.7Y_Kv9QPNnZxKfYt_U_DY2yQvTyjo6CpXgih4SjikjW9l32AM-9uY3vglChcgpIQC-Bm_zyurPMu_4TMHzdn84TXGmuCynhe_zy2.U1Y30ZDq_UASJU5FznEHstpL0Zfq_UASJU5FznEHstpL0A-V5HczPfKL5fKM5gN-nHDs0ZNG5yF9pywdUAY0TA-b5Hn0mv-b5Hfzn0KVIjYknjD10AVG5H00TMfqrjcd0AN3TjY0uy-b5HDYPHR0Uy-b5H00mhbqnHmk0AdW5HD0TZwC5yF1U-qzmgP8gL71U-qkTv30TgKGujYk0Z7Wpyfqn0KzuLw9u1Yk0AqvUjY0mhsqP0KWThnqP1fvn0&p1=3008&rsv_sid=1455&cid=0&qid=8ffc43f7353bcf3f&t=1355970299130&path=http://www.baidu.com/s?word=%E5%8C%97%E4%BA%AC%E6%88%90%E4%BA%BA%E7%94%A8%E5%93%81&tn=02023048_26_hao_pg&ie=utf-8
1355970299.145 RELEASE -1 FFFFFFFF B7D8ED0BA3C56A8E6385F1F1EEC56F6F  403 1355970299        -1        -1 text/html 1096/1096 GET http://www.baidu.com/baidu.php?url=K00000af1bnoCkqMlZjkdcn-EP7s-LeI3eDT0lvzEGl2W0s2D7xFzYLh2OvhEnXyZNRWLhVfUlOP5MrdNnjhXw_Eix_14QjYQljI_EWnvKM6bK8DpZUe0ppgTlFTGOC4mc0X6Nc.7Y_Kv9QPNnZxKfYt_U_DY2yQvTyjo6CpXgih4SjikjW9l32AM-9uY3vglChcgpIQC-Bm_zyurPMu_4TMHzdn84TXGmuCynhe_zy2.U1Y30ZDq_UASJU5FznEHstpL0Zfq_UASJU5FznEHstpL0A-V5HczPfKL5fKM5gN-nHDs0ZNG5yF9pywdUAY0TA-b5Hn0mv-b5Hfzn0KVIjYknjD10AVG5H00TMfqrjcd0AN3TjY0uy-b5HDYPHR0Uy-b5H00mhbqnHmk0AdW5HD0TZwC5yF1U-qzmgP8gL71U-qkTv30TgKGujYk0Z7Wpyfqn0KzuLw9u1Yk0AqvUjY0mhsqP0KWThnqP1fvn0&ck=1741.3.7.218.161.1045.339.7664
1355970300.398 RELEASE -1 FFFFFFFF 8ABE93A60933A3B309629F44BAA1388A  403 1355970300        -1        -1 text/html 1112/1112 POST http://qurl.f.360.cn/check_outchain.php
1355970300.399 RELEASE -1 FFFFFFFF F9CDB2F3ACEA5EB8B39EAAA6A589E501  403 1355970300        -1        -1 text/html 1112/1112 POST http://qurl.f.360.cn/check_outchain.php
1355970487.489 RELEASE -1 FFFFFFFF 6F2DC69CCC91A09A4E525EFB6E353F7D  403 1355970487        -1        -1 text/html 1161/1161 GET http://float2006.tq.cn/floatcard?adminid=8955424&sort=0
1355970488.364 RELEASE -1 FFFFFFFF 6F930AB215AE2D5D7509C49F60B4FADA  403 1355970488        -1        -1 text/html 1173/1173 GET http://cpro.baidu.com/cpro/ui/uijs.php?rs=0&tu=u1012412&tn=text_default_200_200&n=19068038_cpr&adn=4&rsi1=200&rsi0=200&rad=&rss0=%23FFFFFF&conBW=0&rss1=%23FFFFFF&conOP=0&rss2=%230000FF&titFF=%25E7%2580%25B9%25E5%25AC%25A9%25E7%25B6%258B&titFS=12&titTA=left&rss3=%23444444&rss4=%23008000&rss5=&rss6=%23e10900&rsi5=1&ts=1&at=6&ch=0&cad=1&aurl=&rss7=&cpa=1&fv=11&cn=1&if=16&word=http%3A%2F%2Fdetail.b2b.cn%2Fcompany%2F400%2F58%2F75%2Fsyqydj&refer=http%3A%2F%2Fdetail.b2b.cn%2Fcompany%2F400%2F58%2F84%2Fsyqydj%2F947510%2Fproductlistbycat.htm&ready=3&jk=5549cc8e38083066&jn=3&lmt=1355970488&csp=1366,768&csn=1366,738&ccd=32&chi=3&cja=true&cpl=0&cmi=0&cce=true&csl=zh-cn&did=1&rt=32&dt=1355970488&ev=67108864&c01=0&prt=1355970488359&i3=f&anatp=0&styid=0
1355970488.381 RELEASE -1 FFFFFFFF 7C97F0EA4879AC83A5ACF80FE0E790E1  403 1355970488        -1        -1 text/html 1137/1137 GET http://www.baidu.com/
1355970488.499 RELEASE -1 FFFFFFFF 25D8691FB5B3D3ACC75E394B53428553  403 1355970488        -1        -1 text/html 1147/1147 GET http://pos.baidu.com/ecom?di=u1012683&tm=BAIDU_CPRO_SETJSONADSLOT&fn=BAIDU_CPRO_SETJSONADSLOT&baidu_id=
1355970488.516 RELEASE -1 FFFFFFFF 456A2F607376FE1885EA118824B492BB  403 1355970488        -1        -1 text/html 1171/1171 GET http://acode.b2b.cn/union/Detail.aspx?mainonestyle=3&Regulation=2&mainoneTitle=%C6%F4%D4%B4%B5%E7%BB%FA%7C%C9%F2%D1%F4%B5%E7%BB%FA%7C_%B5%E7%B6%AF%BC%F5%CB%D9%BB%FA%7C%D6%C6%B6%AF%B5%E7%BB%FA_%C9%F2%D1%F4%C6%F4%D4%B4%B5%E7%BB%FA%D3%D0%CF%DE%B9%AB%CB%BE-%B1%D8%CD%BE%C6%F3%D2%B5%BF%E2&mainecoding=gb2312&seovalue=-1&BODcolor=&mainkey=&BGcolor=&maionewidth=712&url=http://detail.b2b.cn/company/400/58/75/syqydj&parenturl=http://detail.b2b.cn/company/400/58/84/syqydj/947510/productlistbycat.htm
1355970488.528 RELEASE -1 FFFFFFFF 1392A8DB60D6C8D959A3F92305B49581  403 1355970488        -1        -1 text/html 1179/1179 GET http://www.google-analytics.com/__utm.gif?utmwv=5.1.5&utms=3&utmn=1422921176&utmhn=www.baidu.com&utmt=event&utme=5(total_load*total_load*chrome%2F21.0.1180.89%20)&utmcs=GBK&utmsr=1366x768&utmsc=32-bit&utmul=zh-cn&utmje=1&utmfl=11.1%20r102&utmhid=904051343&utmr=-&utmp=%2F&utmac=UA-25177869-1&utmcc=__utma%3D147196964.1244683635.1355922710.1355961049.1355969700.3%3B%2B__utmz%3D147196964.1355922710.1.1.utmcsr%3D(direct)%7Cutmccn%3D(direct)%7Cutmcmd%3D(none)%3B&utmu=4%7E
1355970488.538 RELEASE -1 FFFFFFFF D77DFE6AD8681305DF6293550F9D5B3F  403 1355970488        -1        -1 text/html 1155/1155 GET http://hzs6.cnzz.com/stat.htm?id=3846484&r=http%3A%2F%2Fdetail.b2b.cn%2Fcompany%2F400%2F58%2F84%2Fsyqydj%2F947510%2Fproductlistbycat.htm&lg=zh-cn&ntime=1355970545&repeatip=2&rtime=0&cnzz_eid=15155543-1355970545-http%3A%2F%2Fwww.tzsb.cn%2Fsell%2Fsearch.php%3Fkw%3D%25E4%25B8%2589%25E7%259B%25B8%25E5%25BC%2582%25E6%25AD%25A5%25E7%2594%25B5%25E5%258A%25A8%25E6%259C%25BA%2B&showp=1366x768&st=60&sin=http%3A%2F%2Fwww.tzsb.cn%2Fsell%2Fsearch.php%3Fkw%3D%25E4%25B8%2589%25E7%259B%25B8%25E5%25BC%2582%25E6%25AD%25A5%25E7%2594%25B5%25E5%258A%25A8%25E6%259C%25BA%2B&res=0&rnd=2008626645
1355970488.555 RELEASE -1 FFFFFFFF 1D8D8AF9044AF24D26BDF91EAC0CC6D7  403 1355970488        -1        -1 text/html 1155/1155 GET http://hzs6.cnzz.com/stat.htm?id=3857199&r=http%3A%2F%2Fdetail.b2b.cn%2Fcompany%2F400%2F58%2F84%2Fsyqydj%2F947510%2Fproductlistbycat.htm&lg=zh-cn&ntime=1355970545&repeatip=2&rtime=0&cnzz_eid=36131751-1355970545-http%3A%2F%2Fwww.tzsb.cn%2Fsell%2Fsearch.php%3Fkw%3D%25E4%25B8%2589%25E7%259B%25B8%25E5%25BC%2582%25E6%25AD%25A5%25E7%2594%25B5%25E5%258A%25A8%25E6%259C%25BA%2B&showp=1366x768&st=60&sin=http%3A%2F%2Fwww.tzsb.cn%2Fsell%2Fsearch.php%3Fkw%3D%25E4%25B8%2589%25E7%259B%25B8%25E5%25BC%2582%25E6%25AD%25A5%25E7%2594%25B5%25E5%258A%25A8%25E6%259C%25BA%2B&res=0&rnd=182161210
1355970488.597 RELEASE -1 FFFFFFFF 18CADFEC9C555885575D2FCB36C1878D  403 1355970488        -1        -1 text/html 1201/1201 GET http://biz.b2b.cn/ajax/passport/ProcessPassport.ashx?action=currentMember&jsoncallback=jsonp1355970472119&_=1355970488593
1355970489.157 RELEASE -1 FFFFFFFF 8E9F593824F9378C98C4C0B636C902FB  403 1355970489        -1        -1 text/html 1167/1167 POST http://ap3.sap1000.com:8011/as/c/f3/
1355970489.261 RELEASE -1 FFFFFFFF CBA664D6F4889F08F786406CC390BC2E  403 1355970489        -1        -1 text/html 1169/1169 POST http://ap4.liuliangbao.cn/as/c/f10.1/
1355970489.270 RELEASE -1 FFFFFFFF BB520918FF39A79FFB998A0962B638B5  403 1355970489        -1        -1 text/html 1167/1167 POST http://ap2.sap1000.com:8011/as/c/f1/
1355970489.360 RELEASE -1 FFFFFFFF 4AE8CF378220622BA6C7BA7B5081B407  403 1355970489        -1        -1 text/html 1167/1167 POST http://ap4.sap1000.com:8011/as/c/f1/
1355970489.361 RELEASE -1 FFFFFFFF 62711429C30AB85BEEB462BBC0139859  403 1355970489        -1        -1 text/html 1169/1169 POST http://ap4.liuliangbao.cn/as/c/f10.1/
1355970489.458 RELEASE -1 FFFFFFFF B7CA164B231642BC13982D9DA52E8CFD  403 1355970489        -1        -1 text/html 1169/1169 POST http://ap4.liuliangbao.cn/as/c/f10.1/
1355970489.467 RELEASE -1 FFFFFFFF A0551D40DA0499A571A30FB94B2C9D51  403 1355970489        -1        -1 text/html 1167/1167 POST http://ap1.sap1000.com:8011/as/c/f1/
1355970489.560 RELEASE -1 FFFFFFFF B91C47085FE84B074212B9F7F63E4C19  403 1355970489        -1        -1 text/html 1163/1163 POST http://ap2.liuliangbao.cn/as/c/f1/
1355970489.569 RELEASE -1 FFFFFFFF F3099C533D5448113CD161028FCA54E9  403 1355970489        -1        -1 text/html 1169/1169 POST http://ap4.liuliangbao.cn/as/c/f10.1/
1355970489.662 RELEASE -1 FFFFFFFF B1A641C1039325174AFE81D2CD3E568E  403 1355970489        -1        -1 text/html 1169/1169 POST http://ap4.liuliangbao.cn/as/c/f10.1/
1355970489.663 RELEASE -1 FFFFFFFF AEF4048C15FBC60048F78ED6758CA18F  403 1355970489        -1        -1 text/html 1163/1163 POST http://ap3.liuliangbao.cn/as/c/f1/
1355970490.550 RELEASE -1 FFFFFFFF 5CC157B22233E5C11472C9BE5BD97AE4  403 1355970490        -1        -1 text/html 1173/1173 GET http://www.0731fm.net/html/news_59.html
1355970490.691 RELEASE -1 FFFFFFFF 488DD319AC064435BBF5B60C6F7D261E  403 1355970490        -1        -1 text/html 1163/1163 GET http://ap.liuliangbao.cn/ls/land/?r=http%3A%2F%2Fwww.ytsygl.com%2F
1355970490.901 RELEASE -1 FFFFFFFF 7EBABB64AA4FDE8686437303743A3B0D  403 1355970490        -1        -1 text/html 1169/1169 POST http://ap4.liuliangbao.cn/as/c/f10.1/
1355970490.902 RELEASE -1 FFFFFFFF E631127342F4EE91EC555B6671FD685D  403 1355970490        -1        -1 text/html 1167/1167 POST http://ap4.sap1000.com:8011/as/c/f1/
1355970490.998 RELEASE -1 FFFFFFFF 6D3365071392FD7C4CFD3706B00FE0B3  403 1355970490        -1        -1 text/html 1167/1167 POST http://ap2.sap1000.com:8011/as/c/f1/
1355970490.998 RELEASE -1 FFFFFFFF 930182B360175B592D92FC6AFCCDB4AA  403 1355970490        -1        -1 text/html 1169/1169 POST http://ap4.liuliangbao.cn/as/c/f10.1/
1355970491.092 RELEASE -1 FFFFFFFF DCFA1AA93198FA435D8016053AF5A898  403 1355970491        -1        -1 text/html 1167/1167 POST http://ap1.sap1000.com:8011/as/c/f1/
1355970491.092 RELEASE -1 FFFFFFFF 8F479262BC1438D990AD86D4C3BC7B44  403 1355970491        -1        -1 text/html 1169/1169 POST http://ap4.liuliangbao.cn/as/c/f10.1/
1355970491.184 RELEASE -1 FFFFFFFF 5A964F8C9B92D0F0164230CF23F29CD9  403 1355970491        -1        -1 text/html 1169/1169 POST http://ap4.liuliangbao.cn/as/c/f10.1/
1355970491.289 RELEASE -1 FFFFFFFF 68081B20877E40528ADB2CE90930943C  403 1355970491        -1        -1 text/html 1167/1167 POST http://ap3.sap1000.com:8011/as/c/f1/
1355970491.289 RELEASE -1 FFFFFFFF 56B023EE7476761FB34A6316301618EA  403 1355970491        -1        -1 text/html 1169/1169 POST http://ap4.liuliangbao.cn/as/c/f10.1/
1355970491.390 RELEASE -1 FFFFFFFF 446FC286B44CC215A44ABD17E7EC569F  403 1355970491        -1        -1 text/html 1163/1163 POST http://ap2.liuliangbao.cn/as/c/f1/
1355970491.390 RELEASE -1 FFFFFFFF C1397856D883C6ECBD6D6821F9D470E0  403 1355970491        -1        -1 text/html 1169/1169 POST http://ap4.liuliangbao.cn/as/c/f10.1/
1355970491.500 RELEASE -1 FFFFFFFF 513B540EFEC470F1D4EF8ABE343B4FFC  403 1355970491        -1        -1 text/html 1169/1169 POST http://ap4.liuliangbao.cn/as/c/f10.1/
1355970491.503 RELEASE -1 FFFFFFFF CD615F27719E88BC21BB1A130D04FECF  403 1355970491        -1        -1 text/html 1163/1163 POST http://ap4.liuliangbao.cn/as/c/f1/
1355970491.509 RELEASE -1 FFFFFFFF 489168D4232F42E64559B9EC4B6FC944  403 1355970491        -1        -1 text/html 1201/1201 GET http://biz.b2b.cn/ajax/passport/ProcessPassport.ashx?action=currentMember&jsoncallback=jsonp1355970444264&_=1355970491488
1355970491.610 RELEASE -1 FFFFFFFF 6A25D909B588ECDD7D317B0E351A2FAC  403 1355970491        -1        -1 text/html 1163/1163 POST http://ap3.liuliangbao.cn/as/c/f1/
1355970491.620 RELEASE -1 FFFFFFFF 0D72A8198CBB557FF51099F02B994B03  403 1355970491        -1        -1 text/html 1169/1169 POST http://ap4.liuliangbao.cn/as/c/f10.1/
1355970494.607 RELEASE -1 FFFFFFFF 3349C4A94A99D6B4A248E8699070DF67  403 1355970494        -1        -1 text/html 1153/1153 GET http://eclick.baidu.com/a.js?tu=u1012412&did=1&tn=text_default_200_200&word=http%3A%2F%2Fdetail.b2b.cn%2Fcompany%2F400%2F58%2F75%2Fsyqydj&jk=5549cc8e38083066&if=16&aw=200&ah=200&ch=0&n=19068038_cpr&js=c&dt=1355970488&pt=6164&ps=20121220102814603&it=0&vs=0&ft=6164&vt=0&left=10&top=1540&op=100&csp=1366,738&bcl=1319,636&pof=1319,2531&fs=1&expid=0&total=1
1355970494.809 RELEASE -1 FFFFFFFF 21506CF7B427AAD2CCA4730387291410  403 1355970494        -1        -1 text/html 1175/1175 GET http://detail.b2b.cn/job/syqydj/list.htm
1355970495.532 RELEASE -1 FFFFFFFF CE197F5ECEC84EDFC7DABFEB66CEC393  403 1355970495        -1        -1 text/html 1153/1153 GET http://s11.cnzz.com/stat.php?id=2220174&web_id=2220174&show=pic
1355970495.571 RELEASE -1 FFFFFFFF D7648420E59C6036DCE69D1E42308BE8  403 1355970495        -1        -1 text/html 1173/1173 GET http://www.0731fm.net/html/list_59.html
1355970496.075 RELEASE -1 FFFFFFFF 503BB27AF2C37FC1F1CAB9E7CEBD76C8  403 1355970496        -1        -1 text/html 1169/1169 GET http://ac.atpanel.com/tbapp.1000.0.0?t=1355970496071&url=http://item.taobao.com/item.htm?spm=a1z10.1.4004-122113137.4.CBMSAf&id=17781359033
1355970496.082 RELEASE -1 FFFFFFFF 724E15E3856214F69A15448E78AE8238  403 1355970496        -1        -1 text/html 1169/1169 GET http://log.mmstat.com/tbapp.1025.0.0?stylesheet=http://img03.taobaocdn.com/bao/uploaded/i3/T1OEMnXglaXXX7spjX.css
1355970497.501 RELEASE -1 FFFFFFFF 1146E915ADB569B1FB843D60D134C8DD  403 1355970497        -1        -1 text/html 1155/1155 GET http://search.b2b.cn/product/?c=1006849&s=15001
1355970497.719 RELEASE -1 FFFFFFFF E017CFAF40343FABEFD9D94F1190C80D  403 1355970497        -1        -1 text/html 1163/1163 GET http://ap.liuliangbao.cn/ls/land/?
1355970499.023 RELEASE -1 FFFFFFFF ECED7EB8AF15340238E56DDDDA132ECC  403 1355970499        -1        -1 text/html 1155/1155 GET http://search.b2b.cn/product/?c=1008990&s=14623
1355970499.546 RELEASE -1 FFFFFFFF 44EBD159868013D9B61AAF6ECFD64CDC  403 1355970499        -1        -1 text/html 1165/1165 GET http://www.roundjoy.com.cn/sort.asp
1355970500.870 RELEASE -1 FFFFFFFF F688C62B2D006002C9A2FA8A7682D750  403 1355970500        -1        -1 text/html 1163/1163 GET http://ap.liuliangbao.cn/ls/land/?r=http%3A%2F%2Fdgbolong.china.b2b.cn%2F
1355970501.033 RELEASE -1 FFFFFFFF 02B83245A89946C28DAF825C846524EC  403 1355970501        -1        -1 text/html 1163/1163 POST http://ap1.llbgo.com:8011/as/c/f1/
1355970501.043 RELEASE -1 FFFFFFFF F9048A96C00898EDAD970C25B9A32695  403 1355970501        -1        -1 text/html 1169/1169 POST http://ap4.liuliangbao.cn/as/c/f10.1/
1355970501.115 RELEASE -1 FFFFFFFF A772D13B0C515CDEE29C3BC6F9343AB1  403 1355970501        -1        -1 text/html 1167/1167 POST http://ap3.sap1000.com:8011/as/c/f1/
1355970501.116 RELEASE -1 FFFFFFFF 5F87FB5AB150490EA24404810249C207  403 1355970501        -1        -1 text/html 1169/1169 POST http://ap4.liuliangbao.cn/as/c/f10.1/
1355970501.196 RELEASE -1 FFFFFFFF D1A9570B85A578ACD96CFDBCEB209362  403 1355970501        -1        -1 text/html 1167/1167 POST http://ap1.sap1000.com:8011/as/c/f1/
1355970501.196 RELEASE -1 FFFFFFFF 08C0B807CBD0A7DE96F397B4FD42E09C  403 1355970501        -1        -1 text/html 1169/1169 POST http://ap4.liuliangbao.cn/as/c/f10.1/
1355970501.275 RELEASE -1 FFFFFFFF AED3D7C175E1B8DB43024F2326CB9F82  403 1355970501        -1        -1 text/html 1153/1153 POST http://ap1.llbgo.com/as/c/f1/
1355970501.275 RELEASE -1 FFFFFFFF F0C889CD65295ABDC3E5C229C7BC3472  403 1355970501        -1        -1 text/html 1169/1169 POST http://ap4.liuliangbao.cn/as/c/f10.1/
1355970501.362 RELEASE -1 FFFFFFFF A3121AC8FE4A7EB0B72423774E4B2BDA  403 1355970501        -1        -1 text/html 1169/1169 POST http://ap4.liuliangbao.cn/as/c/f10.1/
1355970501.427 RELEASE -1 FFFFFFFF 1F2D28214157CE7F0A4379374C032083  403 1355970501        -1        -1 text/html 1169/1169 POST http://ap4.liuliangbao.cn/as/c/f10.1/
1355970501.436 RELEASE -1 FFFFFFFF 2889336A945F499A1A636057FA0BE6A3  403 1355970501        -1        -1 text/html 1167/1167 POST http://ap4.sap1000.com:8011/as/c/f1/
1355970501.523 RELEASE -1 FFFFFFFF AB93788843BA2D354ACC1CC2D225B2E1  403 1355970501        -1        -1 text/html 1163/1163 POST http://ap4.liuliangbao.cn/as/c/f1/
1355970501.524 RELEASE -1 FFFFFFFF 1251ABBD0F13F6BE00E650C32F2D292D  403 1355970501        -1        -1 text/html 1169/1169 POST http://ap4.liuliangbao.cn/as/c/f10.1/
1355970501.599 RELEASE -1 FFFFFFFF B63F9353896C038FB564DC5D492911E1  403 1355970501        -1        -1 text/html 1167/1167 POST http://ap2.sap1000.com:8011/as/c/f1/
1355970501.610 RELEASE -1 FFFFFFFF B7B6F42D0F1629538C79A2AA8FBB9B1D  403 1355970501        -1        -1 text/html 1169/1169 POST http://ap4.liuliangbao.cn/as/c/f10.1/
1355970501.682 RELEASE -1 FFFFFFFF A3FC945E3E20B81BDFD6EDC5668C8F04  403 1355970501        -1        -1 text/html 1163/1163 POST http://ap3.liuliangbao.cn/as/c/f1/
1355970501.692 RELEASE -1 FFFFFFFF 1FEFDAB8720E1771BE647BAA6D8368B9  403 1355970501        -1        -1 text/html 1169/1169 POST http://ap4.liuliangbao.cn/as/c/f10.1/
1355970501.761 RELEASE -1 FFFFFFFF AA318F34AEBC09E5F5EDDD879BDD8160  403 1355970501        -1        -1 text/html 1163/1163 POST http://ap2.liuliangbao.cn/as/c/f1/
1355970501.770 RELEASE -1 FFFFFFFF 32829F983E8FA3563EFAD6AFACDA2FFD  403 1355970501        -1        -1 text/html 1169/1169 POST http://ap4.liuliangbao.cn/as/c/f10.1/
1355970502.915 RELEASE -1 FFFFFFFF 784F7DF1C9BCBD0E253FFB34E5483581  403 1355970502        -1        -1 text/html 1163/1163 GET http://ap.liuliangbao.cn/ls/land/?r=http%3A%2F%2Fbfgdw.com
1355970503.093 RELEASE -1 FFFFFFFF 59625D542B055F7EF9B9507FE18BE546  403 1355970503        -1        -1 text/html 1163/1163 POST http://ap3.liuliangbao.cn/as/c/f1/
1355970503.093 RELEASE -1 FFFFFFFF C21762442E4D67FA5611A0FF39896EF0  403 1355970503        -1        -1 text/html 1169/1169 POST http://ap4.liuliangbao.cn/as/c/f10.1/
1355970503.167 RELEASE -1 FFFFFFFF FABA4C8A23941F8C12BB97BF382A92E7  403 1355970503        -1        -1 text/html 1163/1163 POST http://ap1.llbgo.com:8011/as/c/f1/
1355970503.178 RELEASE -1 FFFFFFFF 783BF7BF3ACAC285B0A41E51529C7706  403 1355970503        -1        -1 text/html 1169/1169 POST http://ap4.liuliangbao.cn/as/c/f10.1/
1355970503.250 RELEASE -1 FFFFFFFF 24F3753C48363C87F0EAE29BBB640353  403 1355970503        -1        -1 text/html 1163/1163 POST http://ap2.liuliangbao.cn/as/c/f1/
1355970503.250 RELEASE -1 FFFFFFFF EBFC5EA656F520B870A4489B8F94114D  403 1355970503        -1        -1 text/html 1169/1169 POST http://ap4.liuliangbao.cn/as/c/f10.1/
1355970503.328 RELEASE -1 FFFFFFFF 1E48DBB4CACE88A563ACC7B46389DA49  403 1355970503        -1        -1 text/html 1169/1169 POST http://ap4.liuliangbao.cn/as/c/f10.1/
1355970503.404 RELEASE -1 FFFFFFFF BE30C17405D394281C589CEDC8BDF601  403 1355970503        -1        -1 text/html 1167/1167 POST http://ap3.sap1000.com:8011/as/c/f1/
1355970503.404 RELEASE -1 FFFFFFFF E88DA73CC59FFFC82EE5355A152E4AC8  403 1355970503        -1        -1 text/html 1169/1169 POST http://ap4.liuliangbao.cn/as/c/f10.1/
1355970503.485 RELEASE -1 FFFFFFFF 30F914DBF768C2C04F061AD2704C738C  403 1355970503        -1        -1 text/html 1163/1163 POST http://ap4.liuliangbao.cn/as/c/f1/
1355970503.486 RELEASE -1 FFFFFFFF 31EBA576614882BB422EB34FE72FEC16  403 1355970503        -1        -1 text/html 1169/1169 POST http://ap4.liuliangbao.cn/as/c/f10.1/
1355970503.566 RELEASE -1 FFFFFFFF 1BC6100A9C120CE9D8D2AC2642575389  403 1355970503        -1        -1 text/html 1167/1167 POST http://ap1.sap1000.com:8011/as/c/f1/
1355970503.567 RELEASE -1 FFFFFFFF E8128381316F140D68D2B2C1A06C418F  403 1355970503        -1        -1 text/html 1169/1169 POST http://ap4.liuliangbao.cn/as/c/f10.1/
1355970503.644 RELEASE -1 FFFFFFFF 0C6B92FA671AC4479F58687E010D6770  403 1355970503        -1        -1 text/html 1169/1169 POST http://ap4.liuliangbao.cn/as/c/f10.1/
1355970503.644 RELEASE -1 FFFFFFFF 8CB874A5831E33C29CA948E87910F185  403 1355970503        -1        -1 text/html 1167/1167 POST http://ap2.sap1000.com:8011/as/c/f1/
1355970503.721 RELEASE -1 FFFFFFFF E005DC7117382740BEA4083A6EFEB3C7  403 1355970503        -1        -1 text/html 1167/1167 POST http://ap4.sap1000.com:8011/as/c/f1/
1355970503.721 RELEASE -1 FFFFFFFF C0D0CA2E43AE95957812DC6DBEAE27BF  403 1355970503        -1        -1 text/html 1169/1169 POST http://ap4.liuliangbao.cn/as/c/f10.1/
1355970503.798 RELEASE -1 FFFFFFFF B6A0C4A73AC7E57DCFBE07DC496266D3  403 1355970503        -1        -1 text/html 1153/1153 POST http://ap1.llbgo.com/as/c/f1/
1355970503.799 RELEASE -1 FFFFFFFF E21D0E3FFFDD56F9345FB51EA6260485  403 1355970503        -1        -1 text/html 1169/1169 POST http://ap4.liuliangbao.cn/as/c/f10.1/
1355970504.724 RELEASE -1 FFFFFFFF 635E6C71E3FFBDCA6D714EB7C758889F  403 1355970504        -1        -1 text/html 1163/1163 GET http://ap.liuliangbao.cn/ls/land/?
1355970504.945 RELEASE -1 FFFFFFFF 3AA966937DC127539F59E1E70C45A72C  403 1355970504        -1        -1 text/html 1159/1159 GET http://item.taobao.com/item.htm?spm=a1z10.1.7201995-1062911921.43.Zkz83u&id=20364456742
1355970505.052 RELEASE -1 FFFFFFFF 290BAB10C080892EB21240BD36212CE0  403 1355970505        -1        -1 text/html 1155/1155 GET http://search.b2b.cn/product/?c=1001048
1355970505.144 RELEASE -1 FFFFFFFF 04B7378B787876081AF47D1B36494636  403 1355970505        -1        -1 text/html 1153/1153 POST http://ap1.llbgo.com/as/c/f1/
1355970505.144 RELEASE -1 FFFFFFFF 8494653FD84378450CAD7286A2BEAD53  403 1355970505        -1        -1 text/html 1169/1169 POST http://ap4.liuliangbao.cn/as/c/f10.1/
1355970505.220 RELEASE -1 FFFFFFFF C960D0842DAA55E1B37975A8A17698B8  403 1355970505        -1        -1 text/html 1169/1169 POST http://ap4.liuliangbao.cn/as/c/f10.1/
1355970505.221 RELEASE -1 FFFFFFFF 736A307AFA74247BA8C6D23BB29EAC0A  403 1355970505        -1        -1 text/html 1163/1163 POST http://ap2.liuliangbao.cn/as/c/f1/
1355970505.298 RELEASE -1 FFFFFFFF EC1B414F76FAF28252648E53C0F3FD36  403 1355970505        -1        -1 text/html 1163/1163 POST http://ap1.llbgo.com:8011/as/c/f1/
1355970505.299 RELEASE -1 FFFFFFFF CA5D69A90064826F551A729388C21E85  403 1355970505        -1        -1 text/html 1169/1169 POST http://ap4.liuliangbao.cn/as/c/f10.1/
1355970505.372 RELEASE -1 FFFFFFFF EE63E9D51233E5E1026A6BF64505CF50  403 1355970505        -1        -1 text/html 1169/1169 POST http://ap4.liuliangbao.cn/as/c/f10.1/
1355970505.463 RELEASE -1 FFFFFFFF 8F28BEF20652D05E2861CB081C454980  403 1355970505        -1        -1 text/html 1167/1167 POST http://ap4.sap1000.com:8011/as/c/f1/
1355970505.463 RELEASE -1 FFFFFFFF F786E66D3129EE9464BE9C90B9FD8586  403 1355970505        -1        -1 text/html 1169/1169 POST http://ap4.liuliangbao.cn/as/c/f10.1/
1355970505.541 RELEASE -1 FFFFFFFF E0889501BD38A5BC2B945BC6AEF2F440  403 1355970505        -1        -1 text/html 1167/1167 POST http://ap2.sap1000.com:8011/as/c/f1/
1355970505.541 RELEASE -1 FFFFFFFF D53154528D087DA5850BC2E801BE493F  403 1355970505        -1        -1 text/html 1169/1169 POST http://ap4.liuliangbao.cn/as/c/f10.1/
1355970505.622 RELEASE -1 FFFFFFFF DF251718BF233D87194ACC5EAEA395A4  403 1355970505        -1        -1 text/html 1163/1163 POST http://ap3.liuliangbao.cn/as/c/f1/
1355970505.622 RELEASE -1 FFFFFFFF 37351324B12B6C5BA874FE637EDF7C1C  403 1355970505        -1        -1 text/html 1169/1169 POST http://ap4.liuliangbao.cn/as/c/f10.1/
1355970505.708 RELEASE -1 FFFFFFFF E424E698FD0993EF2724D205511636F2  403 1355970505        -1        -1 text/html 1167/1167 POST http://ap1.sap1000.com:8011/as/c/f1/
1355970505.709 RELEASE -1 FFFFFFFF DA4404BC552E327ABFD4EC23B838FAE1  403 1355970505        -1        -1 text/html 1169/1169 POST http://ap4.liuliangbao.cn/as/c/f10.1/
1355970505.787 RELEASE -1 FFFFFFFF BE4FAA1946FE8B1EB5688D9AB810CAB6  403 1355970505        -1        -1 text/html 1167/1167 POST http://ap3.sap1000.com:8011/as/c/f1/
1355970505.788 RELEASE -1 FFFFFFFF 586912661DD4E351C5E6E5BCA3F904FD  403 1355970505        -1        -1 text/html 1169/1169 POST http://ap4.liuliangbao.cn/as/c/f10.1/
1355970505.862 RELEASE -1 FFFFFFFF 36B4AF48201E60883F414803DB54EA05  403 1355970505        -1        -1 text/html 1163/1163 POST http://ap4.liuliangbao.cn/as/c/f1/
1355970505.862 RELEASE -1 FFFFFFFF 3B2C32FDD269DDB9A27D0EC6D0221DAE  403 1355970505        -1        -1 text/html 1169/1169 POST http://ap4.liuliangbao.cn/as/c/f10.1/
1355970505.894 RELEASE -1 FFFFFFFF 9E67772649D134A6AFAD892E90CAA679  403 1355970505        -1        -1 text/html 1163/1163 GET http://ap.liuliangbao.cn/ls/land/?
1355970506.973 RELEASE -1 FFFFFFFF 5B00E2A3361B6020C88827EE0D66C550  403 1355970506        -1        -1 text/html 1163/1163 GET http://ap.liuliangbao.cn/ls/land/?r=http%3A%2F%2Fcaodongfeng0755.cn.alibaba.com%2F
1355970507.184 RELEASE -1 FFFFFFFF 99F3ED12CBB530FAE3C869C86980D6E1  403 1355970507        -1        -1 text/html 1169/1169 POST http://ap4.liuliangbao.cn/as/c/f10.1/
1355970507.262 RELEASE -1 FFFFFFFF 1DEB33C154D2679E612533F6F1A7DC7C  403 1355970507        -1        -1 text/html 1167/1167 POST http://ap2.sap1000.com:8011/as/c/f1/
1355970507.272 RELEASE -1 FFFFFFFF 022BCD87D9839CA9744E4FF8327163CC  403 1355970507        -1        -1 text/html 1169/1169 POST http://ap4.liuliangbao.cn/as/c/f10.1/
1355970507.348 RELEASE -1 FFFFFFFF 6BF8A7ED5913DB69612241F066296125  403 1355970507        -1        -1 text/html 1153/1153 POST http://ap1.llbgo.com/as/c/f1/
1355970507.348 RELEASE -1 FFFFFFFF 4D7C043C6B80FEE10EE121AA8317A52D  403 1355970507        -1        -1 text/html 1169/1169 POST http://ap4.liuliangbao.cn/as/c/f10.1/
1355970507.430 RELEASE -1 FFFFFFFF 3E5F04CB5E00B0F60E6ECA62879BB4DB  403 1355970507        -1        -1 text/html 1163/1163 POST http://ap4.liuliangbao.cn/as/c/f1/
1355970507.439 RELEASE -1 FFFFFFFF CB346CE90ED879456453891C7AD67A5E  403 1355970507        -1        -1 text/html 1169/1169 POST http://ap4.liuliangbao.cn/as/c/f10.1/
1355970507.511 RELEASE -1 FFFFFFFF D34D9B0FF3ECE6D527270AA7F947C79A  403 1355970507        -1        -1 text/html 1163/1163 POST http://ap2.liuliangbao.cn/as/c/f1/
1355970507.511 RELEASE -1 FFFFFFFF 8E6F5077C64AF17878D09A8EA1A1C44E  403 1355970507        -1        -1 text/html 1169/1169 POST http://ap4.liuliangbao.cn/as/c/f10.1/
1355970507.596 RELEASE -1 FFFFFFFF 512FBBCBC24757A6978F1C4C106A6958  403 1355970507        -1        -1 text/html 1163/1163 POST http://ap1.llbgo.com:8011/as/c/f1/
1355970507.597 RELEASE -1 FFFFFFFF 9438F4BA8710F98CCDEF90860B1A3018  403 1355970507        -1        -1 text/html 1169/1169 POST http://ap4.liuliangbao.cn/as/c/f10.1/
1355970507.677 RELEASE -1 FFFFFFFF 68EE5206E6AB2D0EAB875526960D7006  403 1355970507        -1        -1 text/html 1167/1167 POST http://ap3.sap1000.com:8011/as/c/f1/
1355970507.678 RELEASE -1 FFFFFFFF 82E5B34920EC2623B3542C2B5F2334FF  403 1355970507        -1        -1 text/html 1169/1169 POST http://ap4.liuliangbao.cn/as/c/f10.1/
1355970507.762 RELEASE -1 FFFFFFFF 399A88BD183055344EAE9D01B292F685  403 1355970507        -1        -1 text/html 1163/1163 POST http://ap3.liuliangbao.cn/as/c/f1/
1355970507.763 RELEASE -1 FFFFFFFF 48F214EEF64DC66C6C7CF3979FEB94BF  403 1355970507        -1        -1 text/html 1169/1169 POST http://ap4.liuliangbao.cn/as/c/f10.1/
1355970507.845 RELEASE -1 FFFFFFFF 49A2CECF1F605B68FEB579D841AAC1E5  403 1355970507        -1        -1 text/html 1167/1167 POST http://ap1.sap1000.com:8011/as/c/f1/
1355970507.845 RELEASE -1 FFFFFFFF 908614F3B0AA787A3C2028F59248B13A  403 1355970507        -1        -1 text/html 1169/1169 POST http://ap4.liuliangbao.cn/as/c/f10.1/
1355970507.921 RELEASE -1 FFFFFFFF 49051847C48923B5241A9B78A744DCE2  403 1355970507        -1        -1 text/html 1167/1167 POST http://ap4.sap1000.com:8011/as/c/f1/
1355970507.931 RELEASE -1 FFFFFFFF FD3670A1DF3BF77470D61C84E5DF7721  403 1355970507        -1        -1 text/html 1169/1169 POST http://ap4.liuliangbao.cn/as/c/f10.1/
1355970507.941 RELEASE -1 FFFFFFFF CC2190F6726D5AAE92A03E73F4B16209  403 1355970507        -1        -1 text/html 1163/1163 GET http://ap.liuliangbao.cn/ls/land/?
1355970509.029 RELEASE -1 FFFFFFFF D5D5F8E03DFC49A630AEF73D4D796EC4  403 1355970509        -1        -1 text/html 1163/1163 GET http://ap.liuliangbao.cn/ls/land/?r=http%3A%2F%2Fwww.whzgdy.com
1355970509.226 RELEASE -1 FFFFFFFF 15277676AD60D6A75A8BF6CBF8C90D41  403 1355970509        -1        -1 text/html 1163/1163 POST http://ap1.llbgo.com:8011/as/c/f1/
1355970509.226 RELEASE -1 FFFFFFFF 540F0757522D748EC13C6AB43F019DD5  403 1355970509        -1        -1 text/html 1169/1169 POST http://ap4.liuliangbao.cn/as/c/f10.1/
1355970509.305 RELEASE -1 FFFFFFFF 3337167215FD58E001A854E2B4794D05  403 1355970509        -1        -1 text/html 1163/1163 POST http://ap4.liuliangbao.cn/as/c/f1/
1355970509.306 RELEASE -1 FFFFFFFF DAF17C0B1257FFF7EC74191380DC201F  403 1355970509        -1        -1 text/html 1169/1169 POST http://ap4.liuliangbao.cn/as/c/f10.1/
1355970509.378 RELEASE -1 FFFFFFFF EDA5EE19D9D3B2CF17B4EF4C92615EBC  403 1355970509        -1        -1 text/html 1167/1167 POST http://ap3.sap1000.com:8011/as/c/f1/
1355970509.378 RELEASE -1 FFFFFFFF 270A0DF2647072FDAB42D7FC22958FFC  403 1355970509        -1        -1 text/html 1169/1169 POST http://ap4.liuliangbao.cn/as/c/f10.1/
1355970509.450 RELEASE -1 FFFFFFFF 57314CCC93866E90943727782A1EB7A0  403 1355970509        -1        -1 text/html 1169/1169 POST http://ap4.liuliangbao.cn/as/c/f10.1/
1355970509.521 RELEASE -1 FFFFFFFF 0B2BC4C69B7B8441A575F7A52046249D  403 1355970509        -1        -1 text/html 1167/1167 POST http://ap4.sap1000.com:8011/as/c/f1/
1355970509.521 RELEASE -1 FFFFFFFF 8DE09D253A140CAA3A471E6A92026913  403 1355970509        -1        -1 text/html 1169/1169 POST http://ap4.liuliangbao.cn/as/c/f10.1/
1355970509.601 RELEASE -1 FFFFFFFF C34DD95874187A3D5784C2F8C909D5ED  403 1355970509        -1        -1 text/html 1163/1163 POST http://ap2.liuliangbao.cn/as/c/f1/
1355970509.602 RELEASE -1 FFFFFFFF 3759E5D2ABE458E5C7205C4F5E3F9DDE  403 1355970509        -1        -1 text/html 1169/1169 POST http://ap4.liuliangbao.cn/as/c/f10.1/
1355970509.678 RELEASE -1 FFFFFFFF 3DBFAE541A14FA24581F4DBDBA1814B6  403 1355970509        -1        -1 text/html 1153/1153 POST http://ap1.llbgo.com/as/c/f1/
1355970509.679 RELEASE -1 FFFFFFFF 81E505B6CD28E25A511B8BAEAC46C7D4  403 1355970509        -1        -1 text/html 1169/1169 POST http://ap4.liuliangbao.cn/as/c/f10.1/
1355970509.754 RELEASE -1 FFFFFFFF 2C36C1CC63D1FD679E1E2BCC2A878A9D  403 1355970509        -1        -1 text/html 1167/1167 POST http://ap1.sap1000.com:8011/as/c/f1/
1355970509.755 RELEASE -1 FFFFFFFF 7D1514C7DDA32B7EF8B8CF95EF0314F6  403 1355970509        -1        -1 text/html 1169/1169 POST http://ap4.liuliangbao.cn/as/c/f10.1/
1355970509.846 RELEASE -1 FFFFFFFF 3E0D172EC614D0760CB3ED7A1EBD006B  403 1355970509        -1        -1 text/html 1167/1167 POST http://ap2.sap1000.com:8011/as/c/f1/
1355970509.858 RELEASE -1 FFFFFFFF E3337CCF501CAD0D4D1714740797CC75  403 1355970509        -1        -1 text/html 1169/1169 POST http://ap4.liuliangbao.cn/as/c/f10.1/
1355970509.927 RELEASE -1 FFFFFFFF 026205212A5D6B20CD55DEF4B7DE96CC  403 1355970509        -1        -1 text/html 1163/1163 POST http://ap3.liuliangbao.cn/as/c/f1/
1355970509.937 RELEASE -1 FFFFFFFF FAEF6B9F5E671B122D7E71B81C166257  403 1355970509        -1        -1 text/html 1169/1169 POST http://ap4.liuliangbao.cn/as/c/f10.1/
1355970510.996 RELEASE -1 FFFFFFFF 8028B22D634582DA935422C310ED17E6  403 1355970510        -1        -1 text/html 1163/1163 GET http://ap.liuliangbao.cn/ls/land/?
1355970511.069 RELEASE -1 FFFFFFFF E4901DE1030172D5B2371FBD4C15006C  403 1355970511        -1        -1 text/html 1163/1163 GET http://ap.liuliangbao.cn/ls/land/?r=http%3A%2F%2Fmcode001.cn.alibaba.com%2F
1355970511.288 RELEASE -1 FFFFFFFF A2A13E74C43BE4847D10B055F76A64B7  403 1355970511        -1        -1 text/html 1169/1169 POST http://ap4.liuliangbao.cn/as/c/f10.1/
1355970511.289 RELEASE -1 FFFFFFFF 5225EC0B6DAE3818ECEA432FFEF52868  403 1355970511        -1        -1 text/html 1163/1163 POST http://ap3.liuliangbao.cn/as/c/f1/
1355970511.371 RELEASE -1 FFFFFFFF 37320A072303A75365EC123F480AE15C  403 1355970511        -1        -1 text/html 1167/1167 POST http://ap3.sap1000.com:8011/as/c/f1/
1355970511.380 RELEASE -1 FFFFFFFF 584DB860B669CDEFA24538E656D63E8C  403 1355970511        -1        -1 text/html 1169/1169 POST http://ap4.liuliangbao.cn/as/c/f10.1/
1355970511.449 RELEASE -1 FFFFFFFF 11721E2F0CEDE57B5698A7B726106FBA  403 1355970511        -1        -1 text/html 1167/1167 POST http://ap2.sap1000.com:8011/as/c/f1/
1355970511.459 RELEASE -1 FFFFFFFF 00D048AC81BFFFECA108D71AF93031A0  403 1355970511        -1        -1 text/html 1169/1169 POST http://ap4.liuliangbao.cn/as/c/f10.1/
1355970511.528 RELEASE -1 FFFFFFFF F06567B4A85544824883311DCDCCD117  403 1355970511        -1        -1 text/html 1153/1153 POST http://ap1.llbgo.com/as/c/f1/
1355970511.538 RELEASE -1 FFFFFFFF D7352B334725FFA878F83179998BA30C  403 1355970511        -1        -1 text/html 1169/1169 POST http://ap4.liuliangbao.cn/as/c/f10.1/
1355970511.608 RELEASE -1 FFFFFFFF 0D71EE3E435A004FC91017DE68212AE8  403 1355970511        -1        -1 text/html 1167/1167 POST http://ap1.sap1000.com:8011/as/c/f1/
1355970511.609 RELEASE -1 FFFFFFFF 9FB1DC8E332228048D5BBA985F5EB9FF  403 1355970511        -1        -1 text/html 1169/1169 POST http://ap4.liuliangbao.cn/as/c/f10.1/
1355970511.696 RELEASE -1 FFFFFFFF 38FD92FD5B632556679A5108D3BA7B03  403 1355970511        -1        -1 text/html 1163/1163 POST http://ap1.llbgo.com:8011/as/c/f1/
1355970511.697 RELEASE -1 FFFFFFFF EE8EEBF48887088A4611F8C262E7310A  403 1355970511        -1        -1 text/html 1169/1169 POST http://ap4.liuliangbao.cn/as/c/f10.1/
1355970511.776 RELEASE -1 FFFFFFFF 3D794A9C3DE3FE9F0D6EB0A54E3D8DDD  403 1355970511        -1        -1 text/html 1169/1169 POST http://ap4.liuliangbao.cn/as/c/f10.1/
1355970511.777 RELEASE -1 FFFFFFFF 04B338D3D6B55E7971DCECF9ECF72FBE  403 1355970511        -1        -1 text/html 1163/1163 POST http://ap2.liuliangbao.cn/as/c/f1/
1355970511.855 RELEASE -1 FFFFFFFF 9C37EBD112C645D4FF8363C2C871130C  403 1355970511        -1        -1 text/html 1167/1167 POST http://ap4.sap1000.com:8011/as/c/f1/
1355970511.856 RELEASE -1 FFFFFFFF 43296ABA2EFF8434733282D9CCAE4367  403 1355970511        -1        -1 text/html 1169/1169 POST http://ap4.liuliangbao.cn/as/c/f10.1/
1355970511.902 RELEASE -1 FFFFFFFF D36B21468551C9E25B22D1004EC24460  403 1355970511        -1        -1 text/html 1163/1163 GET http://ap.liuliangbao.cn/ls/land/?
1355970511.938 RELEASE -1 FFFFFFFF 016BED187CD8862430A5F7FF207946D1  403 1355970511        -1        -1 text/html 1169/1169 POST http://ap4.liuliangbao.cn/as/c/f10.1/
1355970512.009 RELEASE -1 FFFFFFFF 300B76835221996A9322272C3FEBB4A8  403 1355970512        -1        -1 text/html 1163/1163 POST http://ap4.liuliangbao.cn/as/c/f1/
1355970512.009 RELEASE -1 FFFFFFFF 83F2F9CDBE6DF01D418267B819E53DFF  403 1355970512        -1        -1 text/html 1169/1169 POST http://ap4.liuliangbao.cn/as/c/f10.1/
1355970512.843 RELEASE -1 FFFFFFFF 4696A1CD4008B29B653317FB4D8840B4  403 1355970512        -1        -1 text/html 1187/1187 GET http://hotclick.app.linezing.com/hotclick.gif?shopid=36164802&pagetype=item&itemid=17781359033&url=http%3A%2F%2Fitem.taobao.com%2Fitem.htm%3Fspm%3Da1z10.1.4004-122113137.4.CBMSAf%26id%3D17781359033&cl=1&ca=1&pageid=17781359033&linkid=a%3A262&linkurl=http%3A%2F%2Fitem.taobao.com%2Fitem.htm%3Fid%3D20843428072&x=-420.5&y=511&ws=1340%3A640&el=html%3Ebody.tb-new%3E%3Ea&rnd=69670&cna=fYlQCQPxtXYCAW8fnSEDstZW
1355970512.939 RELEASE -1 FFFFFFFF 7136AE00821F66C5F426DA430106EF5F  403 1355970512        -1        -1 text/html 1159/1159 GET http://item.taobao.com/item.htm?id=20843428072
1355970513.132 RELEASE -1 FFFFFFFF 1CD386F32BF973070CDC753C15582ABD  403 1355970513        -1        -1 text/html 1159/1159 GET http://item.taobao.com/item.htm?id=16652841373
1355970513.331 RELEASE -1 FFFFFFFF D58E5922ECB813812FBD063B782EFDE3  403 1355970513        -1        -1 text/html 1169/1169 POST http://ap4.liuliangbao.cn/as/c/f10.1/
1355970513.404 RELEASE -1 FFFFFFFF 5738D7F29727C03817B91FF778F23EFB  403 1355970513        -1        -1 text/html 1163/1163 POST http://ap4.liuliangbao.cn/as/c/f1/
1355970513.405 RELEASE -1 FFFFFFFF 3B225C53CE1E6D9740A299EB920465C9  403 1355970513        -1        -1 text/html 1169/1169 POST http://ap4.liuliangbao.cn/as/c/f10.1/
1355970513.484 RELEASE -1 FFFFFFFF 96398685EFC179F2F5FD23174C0BD8BF  403 1355970513        -1        -1 text/html 1167/1167 POST http://ap4.sap1000.com:8011/as/c/f1/
1355970513.486 RELEASE -1 FFFFFFFF 0402456DDD309913D4787A5CBC05003D  403 1355970513        -1        -1 text/html 1169/1169 POST http://ap4.liuliangbao.cn/as/c/f10.1/
1355970513.561 RELEASE -1 FFFFFFFF 61C3C4FA62ECCD0A03E9E33D42E87B39  403 1355970513        -1        -1 text/html 1163/1163 POST http://ap2.liuliangbao.cn/as/c/f1/
1355970513.563 RELEASE -1 FFFFFFFF 0B10D997C7ED7F6887B1F109026BC257  403 1355970513        -1        -1 text/html 1169/1169 POST http://ap4.liuliangbao.cn/as/c/f10.1/
1355970513.640 RELEASE -1 FFFFFFFF 68579C25503C56DD6C5C2918F4E1E445  403 1355970513        -1        -1 text/html 1163/1163 POST http://ap3.liuliangbao.cn/as/c/f1/
1355970513.641 RELEASE -1 FFFFFFFF 3B2D1A8B27FA5D8C85C3AADC2C60EFF5  403 1355970513        -1        -1 text/html 1169/1169 POST http://ap4.liuliangbao.cn/as/c/f10.1/
1355970513.722 RELEASE -1 FFFFFFFF BB15288DB881F80FB4293CBA6E9682B2  403 1355970513        -1        -1 text/html 1167/1167 POST http://ap1.sap1000.com:8011/as/c/f1/
1355970513.732 RELEASE -1 FFFFFFFF 095DC47DDCE04465A8DE9DA1FEC715F8  403 1355970513        -1        -1 text/html 1169/1169 POST http://ap4.liuliangbao.cn/as/c/f10.1/
1355970513.799 RELEASE -1 FFFFFFFF F603F75C6FABFBAE1D3A61E22E6FAA72  403 1355970513        -1        -1 text/html 1163/1163 POST http://ap1.llbgo.com:8011/as/c/f1/
1355970513.800 RELEASE -1 FFFFFFFF B0EFDC520B8F6CEB27CEECF782D00BC2  403 1355970513        -1        -1 text/html 1169/1169 POST http://ap4.liuliangbao.cn/as/c/f10.1/
1355970513.881 RELEASE -1 FFFFFFFF BFCEF839F1244D1E126AADCF41841B08  403 1355970513        -1        -1 text/html 1167/1167 POST http://ap3.sap1000.com:8011/as/c/f1/
1355970513.881 RELEASE -1 FFFFFFFF D14995F2269355FDFC51788D979D93E9  403 1355970513        -1        -1 text/html 1169/1169 POST http://ap4.liuliangbao.cn/as/c/f10.1/
1355970513.962 RELEASE -1 FFFFFFFF 4740902439D6DADA37931CCD95266544  403 1355970513        -1        -1 text/html 1153/1153 POST http://ap1.llbgo.com/as/c/f1/
1355970513.962 RELEASE -1 FFFFFFFF CABB840BBE4803A634DC239BC554A833  403 1355970513        -1        -1 text/html 1169/1169 POST http://ap4.liuliangbao.cn/as/c/f10.1/
1355970514.035 RELEASE -1 FFFFFFFF 84EBC49806DB3A80BE9EEDFABD38D05C  403 1355970514        -1        -1 text/html 1167/1167 POST http://ap2.sap1000.com:8011/as/c/f1/
1355970514.035 RELEASE -1 FFFFFFFF 95E585785B8FCA9E77474930B00B96F9  403 1355970514        -1        -1 text/html 1169/1169 POST http://ap4.liuliangbao.cn/as/c/f10.1/
1355970515.005 RELEASE -1 FFFFFFFF CFC3EB0ED89F93797465DAECE7DDDCEB  403 1355970515        -1        -1 text/html 1163/1163 GET http://ap.liuliangbao.cn/ls/land/?
1355970515.055 RELEASE -1 FFFFFFFF 5F873E0EEFE52C44806CBBC656FE8EFD  403 1355970515        -1        -1 text/html 1163/1163 GET http://ap.liuliangbao.cn/ls/land/?
1355970515.176 RELEASE -1 FFFFFFFF D982A836DA84D57356F581DB0CD8A48F  403 1355970515        -1        -1 text/html 1163/1163 GET http://ap.liuliangbao.cn/ls/land/?r=http%3A%2F%2Fwww.liaozhan.net%2F
1355970515.373 RELEASE -1 FFFFFFFF EFB81BC06D69F59BBFBEA4D5566B99D7  403 1355970515        -1        -1 text/html 1169/1169 POST http://ap4.liuliangbao.cn/as/c/f10.1/
1355970515.447 RELEASE -1 FFFFFFFF 1B8B8B58470B74D286665551459F43DB  403 1355970515        -1        -1 text/html 1163/1163 POST http://ap4.liuliangbao.cn/as/c/f1/
1355970515.448 RELEASE -1 FFFFFFFF D5705C5175DA34CDA297C97412E1AA97  403 1355970515        -1        -1 text/html 1169/1169 POST http://ap4.liuliangbao.cn/as/c/f10.1/
1355970515.527 RELEASE -1 FFFFFFFF F300BBDD76669C84FE4FC82D35723CEB  403 1355970515        -1        -1 text/html 1163/1163 POST http://ap1.llbgo.com:8011/as/c/f1/
1355970515.527 RELEASE -1 FFFFFFFF 4A0877446EB905FFD5F7DE899B61BCF2  403 1355970515        -1        -1 text/html 1169/1169 POST http://ap4.liuliangbao.cn/as/c/f10.1/
1355970515.603 RELEASE -1 FFFFFFFF CA595B40311A82545E313287C901C4D6  403 1355970515        -1        -1 text/html 1163/1163 POST http://ap2.liuliangbao.cn/as/c/f1/
1355970515.604 RELEASE -1 FFFFFFFF AE7C6F977969E4F21156F2D8C10F6CAE  403 1355970515        -1        -1 text/html 1169/1169 POST http://ap4.liuliangbao.cn/as/c/f10.1/
1355970515.680 RELEASE -1 FFFFFFFF 3AF0319B0F97D12868CA10E563C7B016  403 1355970515        -1        -1 text/html 1167/1167 POST http://ap1.sap1000.com:8011/as/c/f1/
1355970515.681 RELEASE -1 FFFFFFFF 77D868854CBA565230B1A12A0C50DBE5  403 1355970515        -1        -1 text/html 1169/1169 POST http://ap4.liuliangbao.cn/as/c/f10.1/
1355970515.757 RELEASE -1 FFFFFFFF 5452FF0631A281E2F2A4567D6A579143  403 1355970515        -1        -1 text/html 1167/1167 POST http://ap2.sap1000.com:8011/as/c/f1/
1355970515.758 RELEASE -1 FFFFFFFF 0B46FE538A2006530469ACCEB2EB73DE  403 1355970515        -1        -1 text/html 1169/1169 POST http://ap4.liuliangbao.cn/as/c/f10.1/
1355970515.833 RELEASE -1 FFFFFFFF 9F61B71EF3ADBB5FBBFDCE398F749262  403 1355970515        -1        -1 text/html 1163/1163 POST http://ap3.liuliangbao.cn/as/c/f1/
1355970515.833 RELEASE -1 FFFFFFFF 8EFA0D44B2C94BD541DD44C51515B3B9  403 1355970515        -1        -1 text/html 1169/1169 POST http://ap4.liuliangbao.cn/as/c/f10.1/
1355970515.909 RELEASE -1 FFFFFFFF 9E7F4597EAF95792BDABB6D0DFAD030E  403 1355970515        -1        -1 text/html 1169/1169 POST http://ap4.liuliangbao.cn/as/c/f10.1/
1355970515.910 RELEASE -1 FFFFFFFF 1F11973C153370C9711D2EEE0E479BFA  403 1355970515        -1        -1 text/html 1167/1167 POST http://ap3.sap1000.com:8011/as/c/f1/
1355970515.987 RELEASE -1 FFFFFFFF DA3A4D362FAE6F59D479AE904D83967C  403 1355970515        -1        -1 text/html 1153/1153 POST http://ap1.llbgo.com/as/c/f1/
1355970515.989 RELEASE -1 FFFFFFFF 56CF268762F985BEDD4DDB97A8F80495  403 1355970515        -1        -1 text/html 1169/1169 POST http://ap4.liuliangbao.cn/as/c/f10.1/
1355970516.062 RELEASE -1 FFFFFFFF A10D140E2C711452E3D0FB3D9F271863  403 1355970516        -1        -1 text/html 1167/1167 POST http://ap4.sap1000.com:8011/as/c/f1/
1355970516.063 RELEASE -1 FFFFFFFF 44597BDBC35D124F4BB3B38C6865290D  403 1355970516        -1        -1 text/html 1169/1169 POST http://ap4.liuliangbao.cn/as/c/f10.1/
1355970516.084 RELEASE -1 FFFFFFFF F6D3A4CDC252BAB9BBA7443370DAC1A9  403 1355970516        -1        -1 text/html 1163/1163 GET http://ap.liuliangbao.cn/ls/land/?
1355970517.236 RELEASE -1 FFFFFFFF D3984AF78A594547700EC714959FF9DC  403 1355970517        -1        -1 text/html 1163/1163 GET http://ap.liuliangbao.cn/ls/land/?r=http%3A%2F%2Fdetail.b2b.cn%2Fcompany%2F400%2F63%2F54%2Ffclymm
1355970517.416 RELEASE -1 FFFFFFFF D437BBCC0946BAF5323BD5654477B93D  403 1355970517        -1        -1 text/html 1167/1167 POST http://ap2.sap1000.com:8011/as/c/f1/
1355970517.417 RELEASE -1 FFFFFFFF C6EB42D3067C02D2D8F812A27DD90FAA  403 1355970517        -1        -1 text/html 1169/1169 POST http://ap4.liuliangbao.cn/as/c/f10.1/
1355970517.495 RELEASE -1 FFFFFFFF E505EC3A74CE08D6BABF6AB4B2DE4C06  403 1355970517        -1        -1 text/html 1167/1167 POST http://ap3.sap1000.com:8011/as/c/f1/
1355970517.496 RELEASE -1 FFFFFFFF 4DF4617B8B271FAC3BE2B81F371BC1BF  403 1355970517        -1        -1 text/html 1169/1169 POST http://ap4.liuliangbao.cn/as/c/f10.1/
1355970517.574 RELEASE -1 FFFFFFFF 7F2C557AC1EF2220A9D7578952BDB8E0  403 1355970517        -1        -1 text/html 1163/1163 POST http://ap2.liuliangbao.cn/as/c/f1/
1355970517.574 RELEASE -1 FFFFFFFF C00C8EB22542A9F577036ABC9F89F90A  403 1355970517        -1        -1 text/html 1169/1169 POST http://ap4.liuliangbao.cn/as/c/f10.1/
1355970517.649 RELEASE -1 FFFFFFFF 9D9DBCD5B2CD0834BAE26A7435453C16  403 1355970517        -1        -1 text/html 1169/1169 POST http://ap4.liuliangbao.cn/as/c/f10.1/
1355970517.658 RELEASE -1 FFFFFFFF 27E4DD72007A4EA1353C6A9463AAA2B7  403 1355970517        -1        -1 text/html 1163/1163 POST http://ap1.llbgo.com:8011/as/c/f1/
1355970517.734 RELEASE -1 FFFFFFFF D04E58AD2CDA17596C9194FEAEBEAA6F  403 1355970517        -1        -1 text/html 1163/1163 POST http://ap3.liuliangbao.cn/as/c/f1/
1355970517.735 RELEASE -1 FFFFFFFF 20B2ADEEBE16021902C2E9144EBF040E  403 1355970517        -1        -1 text/html 1169/1169 POST http://ap4.liuliangbao.cn/as/c/f10.1/
1355970517.809 RELEASE -1 FFFFFFFF 3C2324DE092C3DD1D8F28C4A03C62441  403 1355970517        -1        -1 text/html 1153/1153 POST http://ap1.llbgo.com/as/c/f1/
1355970517.811 RELEASE -1 FFFFFFFF 7008DD60CA801892F36C03F86B14384D  403 1355970517        -1        -1 text/html 1169/1169 POST http://ap4.liuliangbao.cn/as/c/f10.1/
1355970517.882 RELEASE -1 FFFFFFFF 9A8C119805926B303CC641453A9F3683  403 1355970517        -1        -1 text/html 1169/1169 POST http://ap4.liuliangbao.cn/as/c/f10.1/
1355970517.954 RELEASE -1 FFFFFFFF 015A2636F22ACCA99C6A984FF7632380  403 1355970517        -1        -1 text/html 1167/1167 POST http://ap4.sap1000.com:8011/as/c/f1/
1355970517.956 RELEASE -1 FFFFFFFF 6E89B9E973A9BB5AE50FA58FB32639EA  403 1355970517        -1        -1 text/html 1169/1169 POST http://ap4.liuliangbao.cn/as/c/f10.1/
1355970518.038 RELEASE -1 FFFFFFFF 3D97E33184E9171C200C07665CBC505D  403 1355970518        -1        -1 text/html 1163/1163 POST http://ap4.liuliangbao.cn/as/c/f1/
1355970518.038 RELEASE -1 FFFFFFFF 94F70928F96760ACFDA4B832A44CC85F  403 1355970518        -1        -1 text/html 1169/1169 POST http://ap4.liuliangbao.cn/as/c/f10.1/
1355970518.119 RELEASE -1 FFFFFFFF 48876AF2CDE2ACA8AB0CF5D7F1E49E80  403 1355970518        -1        -1 text/html 1167/1167 POST http://ap1.sap1000.com:8011/as/c/f1/
1355970518.121 RELEASE -1 FFFFFFFF 88D9FEC6E4332064DBC2DC3A16479290  403 1355970518        -1        -1 text/html 1169/1169 POST http://ap4.liuliangbao.cn/as/c/f10.1/
1355970518.922 RELEASE -1 FFFFFFFF 612EDC0E5552F72A022E98081268639F  403 1355970518        -1        -1 text/html 1163/1163 GET http://ap.liuliangbao.cn/ls/land/?
1355970519.092 RELEASE -1 FFFFFFFF 5A7C8A61654F5C1BFA6D1CF657111B03  403 1355970519        -1        -1 text/html 1163/1163 GET http://ap.liuliangbao.cn/ls/land/?
1355970520.199 RELEASE -1 FFFFFFFF 86C60140510E2117616B339A5AAB7FA1  403 1355970520        -1        -1 text/html 1163/1163 GET http://ap.liuliangbao.cn/ls/land/?
1355970520.265 RELEASE -1 FFFFFFFF 91B7F3DBA339E0482B2803F3E3F48FA8  403 1355970520        -1        -1 text/html 1163/1163 GET http://ap.liuliangbao.cn/ls/land/?
1355970522.941 RELEASE -1 FFFFFFFF 64F2639288F88184116319BF0EBC93F9  403 1355970522        -1        -1 text/html 1161/1161 GET http://q3.yunpan.360.cn/intf.php?method=File.getVersion&qid=49891679&devtype=box&v=1.8.7.1190&devid=930dd05ce750c932ae954d4fa553f636&devname=&rtick=2299874&sign=bb8b71c44a1662e70436fe0cb21850a7&ofmt=xml&pid=home&
1355970524.270 RELEASE -1 FFFFFFFF F874A24D615EC177F60445E3C6286888  403 1355970524        -1        -1 text/html 1163/1163 GET http://ap.liuliangbao.cn/ls/land/?
1355970526.211 RELEASE -1 FFFFFFFF 0E48C527F1DFAE8B90D7D2D38CCB3A55  403 1355970526        -1        -1 text/html 1163/1163 GET http://ap.liuliangbao.cn/ls/land/?
1355970528.234 RELEASE -1 FFFFFFFF 4D7003ADCB14CFFC1679C46582EAA774  403 1355970528        -1        -1 text/html 1163/1163 GET http://ap.liuliangbao.cn/ls/land/?
1355970547.900 RELEASE -1 FFFFFFFF 17A03FBF89FC049BB780CDD1DEE0DC3F  403 1355970547        -1        -1 text/html 1153/1153 GET http://www.baidu.com/
1355970547.989 RELEASE -1 FFFFFFFF 271EEB75385B12B911BBE8E2D2ECC25B  403 1355970547        -1        -1 text/html 1195/1195 GET http://www.google-analytics.com/__utm.gif?utmwv=5.1.5&utms=4&utmn=505286937&utmhn=www.baidu.com&utmt=event&utme=5(total_load*total_load*chrome%2F21.0.1180.89%20)&utmcs=GBK&utmsr=1366x768&utmsc=32-bit&utmul=zh-cn&utmje=1&utmfl=11.1%20r102&utmhid=1216759790&utmr=-&utmp=%2F&utmac=UA-25177869-1&utmcc=__utma%3D147196964.1244683635.1355922710.1355961049.1355969700.3%3B%2B__utmz%3D147196964.1355922710.1.1.utmcsr%3D(direct)%7Cutmccn%3D(direct)%7Cutmcmd%3D(none)%3B&utmu=4%7E
1355970548.417 RELEASE -1 FFFFFFFF 7E43987AE557D2EED283CDA78FF4973E  403 1355970548        -1        -1 text/html 1175/1175 GET http://www.baidu.com/favicon.ico
1355970556.976 RELEASE -1 FFFFFFFF 5CE6026D3117DC855470CA33C227689E  403 1355970556        -1        -1 text/html 1175/1175 GET http://item.taobao.com/item.htm?id=16458566762
1355970583.072 RELEASE -1 FFFFFFFF 8175057F080AB22989975BD5725215C2  403 1355970583        -1        -1 text/html 1177/1177 GET http://q3.yunpan.360.cn/intf.php?method=File.getVersion&qid=49891679&devtype=box&v=1.8.7.1190&devid=930dd05ce750c932ae954d4fa553f636&devname=&rtick=2378113&sign=72ea00e75a340c893979f27c7d4f4255&ofmt=xml&pid=home&
1355970588.504 RELEASE -1 FFFFFFFF 483F21A379EEF5DC8DE0B70A30C161AD  403 1355970588        -1        -1 text/html 1209/1209 GET http://miserupdate.aliyun.com/data/brfversion.xml
1355970600.404 RELEASE -1 FFFFFFFF 1DBFFC7943FB6D79F24EA6F5726541CB  403 1355970600        -1        -1 text/html 1189/1189 POST http://qurl.f.360.cn/check_outchain.php
1355970600.406 RELEASE -1 FFFFFFFF 15DD718BE3171C1F8B20289723A00EE4  403 1355970600        -1        -1 text/html 1189/1189 POST http://qurl.f.360.cn/check_outchain.php
1355970601.186 RELEASE -1 FFFFFFFF 7536D0EA2F579744B6725CA2A17A5D07  403 1355970601        -1        -1 text/html 1165/1165 GET http://chrome.360.cn/ct.ini
1355970602.287 RELEASE -1 FFFFFFFF 5268CC92D4E0C8B81E2917E674FF193E  403 1355970602        -1        -1 text/html 1169/1169 GET http://chrome.360.cn/jscg.ini
1355970602.998 RELEASE -1 FFFFFFFF DEE5E3D207DEC81C0B38F55F9CF427FF  403 1355970602        -1        -1 text/html 1175/1175 GET http://item.taobao.com/item.htm?id=21226708337
1439430511.083 RELEASE -1 FFFFFFFF FAB661C3C87D8C055957B90628AE5BAA  200 1439426911 1439426911 1439430511 application/cache-digest 144/144 GET internal://miniserver_squid/squid-internal-periodic/store_digest
1439434111.103 RELEASE -1 FFFFFFFF 5582DB5ED23A5F230ABB79A40A89032C  200 1439430511 1439430511 1439434111 application/cache-digest 144/144 GET internal://miniserver_squid/squid-internal-periodic/store_digest
1439437711.103 RELEASE -1 FFFFFFFF 55D93AB6EF76F7CCF72910F83212516A  200 1439434111 1439434111 1439437711 application/cache-digest 144/144 GET internal://miniserver_squid/squid-internal-periodic/store_digest
1439441311.103 RELEASE -1 FFFFFFFF 863F697ED3C2BBB60F6C61E84D7B7C1A  200 1439437711 1439437711 1439441311 application/cache-digest 144/144 GET internal://miniserver_squid/squid-internal-periodic/store_digest
1439444911.106 RELEASE -1 FFFFFFFF E2389E166F1EBFCA3576CA6893D152E8  200 1439441311 1439441311 1439444911 application/cache-digest 144/144 GET internal://miniserver_squid/squid-internal-periodic/store_digest
1439448511.107 RELEASE -1 FFFFFFFF 66B22655C5090A57280E0F67CC73ED70  200 1439444911 1439444911 1439448511 application/cache-digest 144/144 GET internal://miniserver_squid/squid-internal-periodic/store_digest
1439452111.108 RELEASE -1 FFFFFFFF 11A864EB207D85B760964828B3331D99  200 1439448511 1439448511 1439452111 application/cache-digest 144/144 GET internal://miniserver_squid/squid-internal-periodic/store_digest
1439455711.108 RELEASE -1 FFFFFFFF D5FEB8004571D2B4ED1D11B02B0BCFC8  200 1439452111 1439452111 1439455711 application/cache-digest 144/144 GET internal://miniserver_squid/squid-internal-periodic/store_digest
1439459311.109 RELEASE -1 FFFFFFFF 1E3BCEECFBDCEDD2273C8CAC06BC1BD4  200 1439455711 1439455711 1439459311 application/cache-digest 144/144 GET internal://miniserver_squid/squid-internal-periodic/store_digest
